#
# There is insufficient memory for the Java Runtime Environment to continue.
# Native memory allocation (malloc) failed to allocate 264176 bytes. Error detail: Chunk::new
# Possible reasons:
#   The system is out of physical RAM or swap space
#   This process is running with CompressedOops enabled, and the Java Heap may be blocking the growth of the native heap
# Possible solutions:
#   Reduce memory load on the system
#   Increase physical memory or swap space
#   Check if swap backing store is full
#   Decrease Java heap size (-Xmx/-Xms)
#   Decrease number of Java threads
#   Decrease Java thread stack sizes (-Xss)
#   Set larger code cache with -XX:ReservedCodeCacheSize=
#   JVM is running with Unscaled Compressed Oops mode in which the Java heap is
#     placed in the first 4GB address space. The Java Heap base address is the
#     maximum limit for the native heap growth. Please use -XX:HeapBaseMinAddress
#     to set the Java Heap base and to place the Java Heap above 4GB virtual address.
# This output file may be truncated or incomplete.
#
#  Out of Memory Error (arena.cpp:150), pid=30308, tid=24876
#
# JRE version: Java(TM) SE Runtime Environment (22.0+36) (build 22+36-2370)
# Java VM: Java HotSpot(TM) 64-Bit Server VM (22+36-2370, mixed mode, sharing, tiered, compressed oops, compressed class ptrs, g1 gc, windows-amd64)
# No core dump will be written. Minidumps are not enabled by default on client versions of Windows
#

---------------  S U M M A R Y ------------

Command Line: -Dfile.encoding=UTF-8 --module-path=C:\Users\kchau\OneDrive\Documents\NetBeansProjects\AIrlineManagementSystem\build\classes airlinemanagementsystem.BookFlight

Host: Intel(R) Core(TM) i7-8650U CPU @ 1.90GHz, 8 cores, 7G,  Windows 11 , 64 bit Build 22621 (10.0.22621.3527)
Time: Wed Jul 17 17:58:57 2024 India Standard Time elapsed time: 0.446149 seconds (0d 0h 0m 0s)

---------------  T H R E A D  ---------------

Current thread (0x0000027cd431a060):  JavaThread "C2 CompilerThread1" daemon [_thread_in_native, id=24876, stack(0x000000f267700000,0x000000f267800000) (1024K)]


Current CompileTask:
C2:446  774       4       sun.util.locale.BaseLocale::getInstance (150 bytes)

Stack: [0x000000f267700000,0x000000f267800000]
Native frames: (J=compiled Java code, j=interpreted, Vv=VM code, C=native code)
V  [jvm.dll+0x6e2349]  (no source info available)
V  [jvm.dll+0x874ed3]  (no source info available)
V  [jvm.dll+0x8772fe]  (no source info available)
V  [jvm.dll+0x8779d3]  (no source info available)
V  [jvm.dll+0x27fcb6]  (no source info available)
V  [jvm.dll+0xc3d0f]  (no source info available)
V  [jvm.dll+0xc3f6b]  (no source info available)
V  [jvm.dll+0x3bb022]  (no source info available)
V  [jvm.dll+0x1df66c]  (no source info available)
V  [jvm.dll+0x247a4c]  (no source info available)
V  [jvm.dll+0x246faf]  (no source info available)
V  [jvm.dll+0x1c4e90]  (no source info available)
V  [jvm.dll+0x25699e]  (no source info available)
V  [jvm.dll+0x254c5a]  (no source info available)
V  [jvm.dll+0x3f5426]  (no source info available)
V  [jvm.dll+0x81d50b]  (no source info available)
V  [jvm.dll+0x6e09e5]  (no source info available)
C  [ucrtbase.dll+0x29333]  (no source info available)
C  [KERNEL32.DLL+0x1257d]  (no source info available)
C  [ntdll.dll+0x5aa48]  (no source info available)


---------------  P R O C E S S  ---------------

Threads class SMR info:
_java_thread_list=0x0000027cd534c850, length=16, elements={
0x0000027ceb7c9370, 0x0000027cf8fc3260, 0x0000027cf8fc5430, 0x0000027cf8fc7a10,
0x0000027cf8fcdce0, 0x0000027cf8fd7b10, 0x0000027cf8fd8650, 0x0000027cf8fe35f0,
0x0000027cf9007080, 0x0000027cf8f8e640, 0x0000027cd42ec0f0, 0x0000027cd431a060,
0x0000027cd4452070, 0x0000027cd445c1e0, 0x0000027cd445f530, 0x0000027cd564b2a0
}

Java Threads: ( => current thread )
  0x0000027ceb7c9370 JavaThread "main"                              [_thread_in_Java, id=30152, stack(0x000000f266500000,0x000000f266600000) (1024K)]
  0x0000027cf8fc3260 JavaThread "Reference Handler"          daemon [_thread_blocked, id=1996, stack(0x000000f266d00000,0x000000f266e00000) (1024K)]
  0x0000027cf8fc5430 JavaThread "Finalizer"                  daemon [_thread_blocked, id=29908, stack(0x000000f266e00000,0x000000f266f00000) (1024K)]
  0x0000027cf8fc7a10 JavaThread "Signal Dispatcher"          daemon [_thread_blocked, id=30020, stack(0x000000f266f00000,0x000000f267000000) (1024K)]
  0x0000027cf8fcdce0 JavaThread "Attach Listener"            daemon [_thread_blocked, id=13724, stack(0x000000f267000000,0x000000f267100000) (1024K)]
  0x0000027cf8fd7b10 JavaThread "Service Thread"             daemon [_thread_blocked, id=26472, stack(0x000000f267100000,0x000000f267200000) (1024K)]
  0x0000027cf8fd8650 JavaThread "Monitor Deflation Thread"   daemon [_thread_blocked, id=10736, stack(0x000000f267200000,0x000000f267300000) (1024K)]
  0x0000027cf8fe35f0 JavaThread "C2 CompilerThread0"         daemon [_thread_blocked, id=1028, stack(0x000000f267300000,0x000000f267400000) (1024K)]
  0x0000027cf9007080 JavaThread "C1 CompilerThread0"         daemon [_thread_blocked, id=27836, stack(0x000000f267400000,0x000000f267500000) (1024K)]
  0x0000027cf8f8e640 JavaThread "Common-Cleaner"             daemon [_thread_blocked, id=6244, stack(0x000000f267500000,0x000000f267600000) (1024K)]
  0x0000027cd42ec0f0 JavaThread "Notification Thread"        daemon [_thread_blocked, id=29144, stack(0x000000f267600000,0x000000f267700000) (1024K)]
=>0x0000027cd431a060 JavaThread "C2 CompilerThread1"         daemon [_thread_in_native, id=24876, stack(0x000000f267700000,0x000000f267800000) (1024K)]
  0x0000027cd4452070 JavaThread "Java2D Disposer"            daemon [_thread_blocked, id=27476, stack(0x000000f267800000,0x000000f267900000) (1024K)]
  0x0000027cd445c1e0 JavaThread "AWT-Shutdown"                      [_thread_blocked, id=10880, stack(0x000000f267900000,0x000000f267a00000) (1024K)]
  0x0000027cd445f530 JavaThread "AWT-Windows"                daemon [_thread_in_native, id=27564, stack(0x000000f267a00000,0x000000f267b00000) (1024K)]
  0x0000027cd564b2a0 JavaThread "AWT-EventQueue-0"                  [_thread_blocked, id=29764, stack(0x000000f267b00000,0x000000f267c00000) (1024K)]
Total: 16

Other Threads:
  0x0000027cf8fa5860 VMThread "VM Thread"                           [id=18392, stack(0x000000f266c00000,0x000000f266d00000) (1024K)]
  0x0000027cf8f8b6a0 WatcherThread "VM Periodic Task Thread"        [id=3996, stack(0x000000f266b00000,0x000000f266c00000) (1024K)]
  0x0000027ceb81c6d0 WorkerThread "GC Thread#0"                     [id=2080, stack(0x000000f266600000,0x000000f266700000) (1024K)]
  0x0000027ceb82d9a0 ConcurrentGCThread "G1 Main Marker"            [id=29848, stack(0x000000f266700000,0x000000f266800000) (1024K)]
  0x0000027ceb82e570 WorkerThread "G1 Conc#0"                       [id=24828, stack(0x000000f266800000,0x000000f266900000) (1024K)]
  0x0000027ceb88e830 ConcurrentGCThread "G1 Refine#0"               [id=8900, stack(0x000000f266900000,0x000000f266a00000) (1024K)]
  0x0000027cf8e60550 ConcurrentGCThread "G1 Service"                [id=26780, stack(0x000000f266a00000,0x000000f266b00000) (1024K)]
Total: 7

Threads with active compile tasks:
C2 CompilerThread1  516  774       4       sun.util.locale.BaseLocale::getInstance (150 bytes)
Total: 1

VM state: not at safepoint (normal execution)

VM Mutex/Monitor currently owned by a thread: None

Heap address: 0x0000000082200000, size: 2014 MB, Compressed Oops mode: 32-bit

CDS archive(s) mapped at: [0x0000027c8f000000-0x0000027c8fc60000-0x0000027c8fc60000), size 12976128, SharedBaseAddress: 0x0000027c8f000000, ArchiveRelocationMode: 1.
Compressed class space mapped at: 0x0000027c90000000-0x0000027cd0000000, reserved size: 1073741824
Narrow klass base: 0x0000027c8f000000, Narrow klass shift: 0, Narrow klass range: 0x41000000

GC Precious Log:
 CardTable entry size: 512
 Card Set container configuration: InlinePtr #cards 5 size 8 Array Of Cards #cards 12 size 40 Howl #buckets 4 coarsen threshold 1843 Howl Bitmap #cards 512 size 80 coarsen threshold 460 Card regions per heap region 1 cards per card region 2048
 CPUs: 8 total, 8 available
 Memory: 8050M
 Large Page Support: Disabled
 NUMA Support: Disabled
 Compressed Oops: Enabled (32-bit)
 Heap Region Size: 1M
 Heap Min Capacity: 8M
 Heap Initial Capacity: 126M
 Heap Max Capacity: 2014M
 Pre-touch: Disabled
 Parallel Workers: 8
 Concurrent Workers: 2
 Concurrent Refinement Workers: 8
 Periodic GC: Disabled

Heap:
 garbage-first heap   total reserved 2062336K, committed 129024K, used 9216K [0x0000000082200000, 0x0000000100000000)
  region size 1024K, 10 young (10240K), 0 survivors (0K)
 Metaspace       used 8052K, committed 8192K, reserved 1114112K
  class space    used 1008K, committed 1088K, reserved 1048576K

Heap Regions: E=young(eden), S=young(survivor), O=old, HS=humongous(starts), HC=humongous(continues), CS=collection set, F=free, TAMS=top-at-mark-start, PB=parsable bottom
|   0|0x0000000082200000, 0x0000000082200000, 0x0000000082300000|  0%| F|  |TAMS 0x0000000082200000| PB 0x0000000082200000| Untracked |  0
|   1|0x0000000082300000, 0x0000000082300000, 0x0000000082400000|  0%| F|  |TAMS 0x0000000082300000| PB 0x0000000082300000| Untracked |  0
|   2|0x0000000082400000, 0x0000000082400000, 0x0000000082500000|  0%| F|  |TAMS 0x0000000082400000| PB 0x0000000082400000| Untracked |  0
|   3|0x0000000082500000, 0x0000000082500000, 0x0000000082600000|  0%| F|  |TAMS 0x0000000082500000| PB 0x0000000082500000| Untracked |  0
|   4|0x0000000082600000, 0x0000000082600000, 0x0000000082700000|  0%| F|  |TAMS 0x0000000082600000| PB 0x0000000082600000| Untracked |  0
|   5|0x0000000082700000, 0x0000000082700000, 0x0000000082800000|  0%| F|  |TAMS 0x0000000082700000| PB 0x0000000082700000| Untracked |  0
|   6|0x0000000082800000, 0x0000000082800000, 0x0000000082900000|  0%| F|  |TAMS 0x0000000082800000| PB 0x0000000082800000| Untracked |  0
|   7|0x0000000082900000, 0x0000000082900000, 0x0000000082a00000|  0%| F|  |TAMS 0x0000000082900000| PB 0x0000000082900000| Untracked |  0
|   8|0x0000000082a00000, 0x0000000082a00000, 0x0000000082b00000|  0%| F|  |TAMS 0x0000000082a00000| PB 0x0000000082a00000| Untracked |  0
|   9|0x0000000082b00000, 0x0000000082b00000, 0x0000000082c00000|  0%| F|  |TAMS 0x0000000082b00000| PB 0x0000000082b00000| Untracked |  0
|  10|0x0000000082c00000, 0x0000000082c00000, 0x0000000082d00000|  0%| F|  |TAMS 0x0000000082c00000| PB 0x0000000082c00000| Untracked |  0
|  11|0x0000000082d00000, 0x0000000082d00000, 0x0000000082e00000|  0%| F|  |TAMS 0x0000000082d00000| PB 0x0000000082d00000| Untracked |  0
|  12|0x0000000082e00000, 0x0000000082e00000, 0x0000000082f00000|  0%| F|  |TAMS 0x0000000082e00000| PB 0x0000000082e00000| Untracked |  0
|  13|0x0000000082f00000, 0x0000000082f00000, 0x0000000083000000|  0%| F|  |TAMS 0x0000000082f00000| PB 0x0000000082f00000| Untracked |  0
|  14|0x0000000083000000, 0x0000000083000000, 0x0000000083100000|  0%| F|  |TAMS 0x0000000083000000| PB 0x0000000083000000| Untracked |  0
|  15|0x0000000083100000, 0x0000000083100000, 0x0000000083200000|  0%| F|  |TAMS 0x0000000083100000| PB 0x0000000083100000| Untracked |  0
|  16|0x0000000083200000, 0x0000000083200000, 0x0000000083300000|  0%| F|  |TAMS 0x0000000083200000| PB 0x0000000083200000| Untracked |  0
|  17|0x0000000083300000, 0x0000000083300000, 0x0000000083400000|  0%| F|  |TAMS 0x0000000083300000| PB 0x0000000083300000| Untracked |  0
|  18|0x0000000083400000, 0x0000000083400000, 0x0000000083500000|  0%| F|  |TAMS 0x0000000083400000| PB 0x0000000083400000| Untracked |  0
|  19|0x0000000083500000, 0x0000000083500000, 0x0000000083600000|  0%| F|  |TAMS 0x0000000083500000| PB 0x0000000083500000| Untracked |  0
|  20|0x0000000083600000, 0x0000000083600000, 0x0000000083700000|  0%| F|  |TAMS 0x0000000083600000| PB 0x0000000083600000| Untracked |  0
|  21|0x0000000083700000, 0x0000000083700000, 0x0000000083800000|  0%| F|  |TAMS 0x0000000083700000| PB 0x0000000083700000| Untracked |  0
|  22|0x0000000083800000, 0x0000000083800000, 0x0000000083900000|  0%| F|  |TAMS 0x0000000083800000| PB 0x0000000083800000| Untracked |  0
|  23|0x0000000083900000, 0x0000000083900000, 0x0000000083a00000|  0%| F|  |TAMS 0x0000000083900000| PB 0x0000000083900000| Untracked |  0
|  24|0x0000000083a00000, 0x0000000083a00000, 0x0000000083b00000|  0%| F|  |TAMS 0x0000000083a00000| PB 0x0000000083a00000| Untracked |  0
|  25|0x0000000083b00000, 0x0000000083b00000, 0x0000000083c00000|  0%| F|  |TAMS 0x0000000083b00000| PB 0x0000000083b00000| Untracked |  0
|  26|0x0000000083c00000, 0x0000000083c00000, 0x0000000083d00000|  0%| F|  |TAMS 0x0000000083c00000| PB 0x0000000083c00000| Untracked |  0
|  27|0x0000000083d00000, 0x0000000083d00000, 0x0000000083e00000|  0%| F|  |TAMS 0x0000000083d00000| PB 0x0000000083d00000| Untracked |  0
|  28|0x0000000083e00000, 0x0000000083e00000, 0x0000000083f00000|  0%| F|  |TAMS 0x0000000083e00000| PB 0x0000000083e00000| Untracked |  0
|  29|0x0000000083f00000, 0x0000000083f00000, 0x0000000084000000|  0%| F|  |TAMS 0x0000000083f00000| PB 0x0000000083f00000| Untracked |  0
|  30|0x0000000084000000, 0x0000000084000000, 0x0000000084100000|  0%| F|  |TAMS 0x0000000084000000| PB 0x0000000084000000| Untracked |  0
|  31|0x0000000084100000, 0x0000000084100000, 0x0000000084200000|  0%| F|  |TAMS 0x0000000084100000| PB 0x0000000084100000| Untracked |  0
|  32|0x0000000084200000, 0x0000000084200000, 0x0000000084300000|  0%| F|  |TAMS 0x0000000084200000| PB 0x0000000084200000| Untracked |  0
|  33|0x0000000084300000, 0x0000000084300000, 0x0000000084400000|  0%| F|  |TAMS 0x0000000084300000| PB 0x0000000084300000| Untracked |  0
|  34|0x0000000084400000, 0x0000000084400000, 0x0000000084500000|  0%| F|  |TAMS 0x0000000084400000| PB 0x0000000084400000| Untracked |  0
|  35|0x0000000084500000, 0x0000000084500000, 0x0000000084600000|  0%| F|  |TAMS 0x0000000084500000| PB 0x0000000084500000| Untracked |  0
|  36|0x0000000084600000, 0x0000000084600000, 0x0000000084700000|  0%| F|  |TAMS 0x0000000084600000| PB 0x0000000084600000| Untracked |  0
|  37|0x0000000084700000, 0x0000000084700000, 0x0000000084800000|  0%| F|  |TAMS 0x0000000084700000| PB 0x0000000084700000| Untracked |  0
|  38|0x0000000084800000, 0x0000000084800000, 0x0000000084900000|  0%| F|  |TAMS 0x0000000084800000| PB 0x0000000084800000| Untracked |  0
|  39|0x0000000084900000, 0x0000000084900000, 0x0000000084a00000|  0%| F|  |TAMS 0x0000000084900000| PB 0x0000000084900000| Untracked |  0
|  40|0x0000000084a00000, 0x0000000084a00000, 0x0000000084b00000|  0%| F|  |TAMS 0x0000000084a00000| PB 0x0000000084a00000| Untracked |  0
|  41|0x0000000084b00000, 0x0000000084b00000, 0x0000000084c00000|  0%| F|  |TAMS 0x0000000084b00000| PB 0x0000000084b00000| Untracked |  0
|  42|0x0000000084c00000, 0x0000000084c00000, 0x0000000084d00000|  0%| F|  |TAMS 0x0000000084c00000| PB 0x0000000084c00000| Untracked |  0
|  43|0x0000000084d00000, 0x0000000084d00000, 0x0000000084e00000|  0%| F|  |TAMS 0x0000000084d00000| PB 0x0000000084d00000| Untracked |  0
|  44|0x0000000084e00000, 0x0000000084e00000, 0x0000000084f00000|  0%| F|  |TAMS 0x0000000084e00000| PB 0x0000000084e00000| Untracked |  0
|  45|0x0000000084f00000, 0x0000000084f00000, 0x0000000085000000|  0%| F|  |TAMS 0x0000000084f00000| PB 0x0000000084f00000| Untracked |  0
|  46|0x0000000085000000, 0x0000000085000000, 0x0000000085100000|  0%| F|  |TAMS 0x0000000085000000| PB 0x0000000085000000| Untracked |  0
|  47|0x0000000085100000, 0x0000000085100000, 0x0000000085200000|  0%| F|  |TAMS 0x0000000085100000| PB 0x0000000085100000| Untracked |  0
|  48|0x0000000085200000, 0x0000000085200000, 0x0000000085300000|  0%| F|  |TAMS 0x0000000085200000| PB 0x0000000085200000| Untracked |  0
|  49|0x0000000085300000, 0x0000000085300000, 0x0000000085400000|  0%| F|  |TAMS 0x0000000085300000| PB 0x0000000085300000| Untracked |  0
|  50|0x0000000085400000, 0x0000000085400000, 0x0000000085500000|  0%| F|  |TAMS 0x0000000085400000| PB 0x0000000085400000| Untracked |  0
|  51|0x0000000085500000, 0x0000000085500000, 0x0000000085600000|  0%| F|  |TAMS 0x0000000085500000| PB 0x0000000085500000| Untracked |  0
|  52|0x0000000085600000, 0x0000000085600000, 0x0000000085700000|  0%| F|  |TAMS 0x0000000085600000| PB 0x0000000085600000| Untracked |  0
|  53|0x0000000085700000, 0x0000000085700000, 0x0000000085800000|  0%| F|  |TAMS 0x0000000085700000| PB 0x0000000085700000| Untracked |  0
|  54|0x0000000085800000, 0x0000000085800000, 0x0000000085900000|  0%| F|  |TAMS 0x0000000085800000| PB 0x0000000085800000| Untracked |  0
|  55|0x0000000085900000, 0x0000000085900000, 0x0000000085a00000|  0%| F|  |TAMS 0x0000000085900000| PB 0x0000000085900000| Untracked |  0
|  56|0x0000000085a00000, 0x0000000085a00000, 0x0000000085b00000|  0%| F|  |TAMS 0x0000000085a00000| PB 0x0000000085a00000| Untracked |  0
|  57|0x0000000085b00000, 0x0000000085b00000, 0x0000000085c00000|  0%| F|  |TAMS 0x0000000085b00000| PB 0x0000000085b00000| Untracked |  0
|  58|0x0000000085c00000, 0x0000000085c00000, 0x0000000085d00000|  0%| F|  |TAMS 0x0000000085c00000| PB 0x0000000085c00000| Untracked |  0
|  59|0x0000000085d00000, 0x0000000085d00000, 0x0000000085e00000|  0%| F|  |TAMS 0x0000000085d00000| PB 0x0000000085d00000| Untracked |  0
|  60|0x0000000085e00000, 0x0000000085e00000, 0x0000000085f00000|  0%| F|  |TAMS 0x0000000085e00000| PB 0x0000000085e00000| Untracked |  0
|  61|0x0000000085f00000, 0x0000000085f00000, 0x0000000086000000|  0%| F|  |TAMS 0x0000000085f00000| PB 0x0000000085f00000| Untracked |  0
|  62|0x0000000086000000, 0x0000000086000000, 0x0000000086100000|  0%| F|  |TAMS 0x0000000086000000| PB 0x0000000086000000| Untracked |  0
|  63|0x0000000086100000, 0x0000000086100000, 0x0000000086200000|  0%| F|  |TAMS 0x0000000086100000| PB 0x0000000086100000| Untracked |  0
|  64|0x0000000086200000, 0x0000000086200000, 0x0000000086300000|  0%| F|  |TAMS 0x0000000086200000| PB 0x0000000086200000| Untracked |  0
|  65|0x0000000086300000, 0x0000000086300000, 0x0000000086400000|  0%| F|  |TAMS 0x0000000086300000| PB 0x0000000086300000| Untracked |  0
|  66|0x0000000086400000, 0x0000000086400000, 0x0000000086500000|  0%| F|  |TAMS 0x0000000086400000| PB 0x0000000086400000| Untracked |  0
|  67|0x0000000086500000, 0x0000000086500000, 0x0000000086600000|  0%| F|  |TAMS 0x0000000086500000| PB 0x0000000086500000| Untracked |  0
|  68|0x0000000086600000, 0x0000000086600000, 0x0000000086700000|  0%| F|  |TAMS 0x0000000086600000| PB 0x0000000086600000| Untracked |  0
|  69|0x0000000086700000, 0x0000000086700000, 0x0000000086800000|  0%| F|  |TAMS 0x0000000086700000| PB 0x0000000086700000| Untracked |  0
|  70|0x0000000086800000, 0x0000000086800000, 0x0000000086900000|  0%| F|  |TAMS 0x0000000086800000| PB 0x0000000086800000| Untracked |  0
|  71|0x0000000086900000, 0x0000000086900000, 0x0000000086a00000|  0%| F|  |TAMS 0x0000000086900000| PB 0x0000000086900000| Untracked |  0
|  72|0x0000000086a00000, 0x0000000086a00000, 0x0000000086b00000|  0%| F|  |TAMS 0x0000000086a00000| PB 0x0000000086a00000| Untracked |  0
|  73|0x0000000086b00000, 0x0000000086b00000, 0x0000000086c00000|  0%| F|  |TAMS 0x0000000086b00000| PB 0x0000000086b00000| Untracked |  0
|  74|0x0000000086c00000, 0x0000000086c00000, 0x0000000086d00000|  0%| F|  |TAMS 0x0000000086c00000| PB 0x0000000086c00000| Untracked |  0
|  75|0x0000000086d00000, 0x0000000086d00000, 0x0000000086e00000|  0%| F|  |TAMS 0x0000000086d00000| PB 0x0000000086d00000| Untracked |  0
|  76|0x0000000086e00000, 0x0000000086e00000, 0x0000000086f00000|  0%| F|  |TAMS 0x0000000086e00000| PB 0x0000000086e00000| Untracked |  0
|  77|0x0000000086f00000, 0x0000000086f00000, 0x0000000087000000|  0%| F|  |TAMS 0x0000000086f00000| PB 0x0000000086f00000| Untracked |  0
|  78|0x0000000087000000, 0x0000000087000000, 0x0000000087100000|  0%| F|  |TAMS 0x0000000087000000| PB 0x0000000087000000| Untracked |  0
|  79|0x0000000087100000, 0x0000000087100000, 0x0000000087200000|  0%| F|  |TAMS 0x0000000087100000| PB 0x0000000087100000| Untracked |  0
|  80|0x0000000087200000, 0x0000000087200000, 0x0000000087300000|  0%| F|  |TAMS 0x0000000087200000| PB 0x0000000087200000| Untracked |  0
|  81|0x0000000087300000, 0x0000000087300000, 0x0000000087400000|  0%| F|  |TAMS 0x0000000087300000| PB 0x0000000087300000| Untracked |  0
|  82|0x0000000087400000, 0x0000000087400000, 0x0000000087500000|  0%| F|  |TAMS 0x0000000087400000| PB 0x0000000087400000| Untracked |  0
|  83|0x0000000087500000, 0x0000000087500000, 0x0000000087600000|  0%| F|  |TAMS 0x0000000087500000| PB 0x0000000087500000| Untracked |  0
|  84|0x0000000087600000, 0x0000000087600000, 0x0000000087700000|  0%| F|  |TAMS 0x0000000087600000| PB 0x0000000087600000| Untracked |  0
|  85|0x0000000087700000, 0x0000000087700000, 0x0000000087800000|  0%| F|  |TAMS 0x0000000087700000| PB 0x0000000087700000| Untracked |  0
|  86|0x0000000087800000, 0x0000000087800000, 0x0000000087900000|  0%| F|  |TAMS 0x0000000087800000| PB 0x0000000087800000| Untracked |  0
|  87|0x0000000087900000, 0x0000000087900000, 0x0000000087a00000|  0%| F|  |TAMS 0x0000000087900000| PB 0x0000000087900000| Untracked |  0
|  88|0x0000000087a00000, 0x0000000087a00000, 0x0000000087b00000|  0%| F|  |TAMS 0x0000000087a00000| PB 0x0000000087a00000| Untracked |  0
|  89|0x0000000087b00000, 0x0000000087b00000, 0x0000000087c00000|  0%| F|  |TAMS 0x0000000087b00000| PB 0x0000000087b00000| Untracked |  0
|  90|0x0000000087c00000, 0x0000000087c00000, 0x0000000087d00000|  0%| F|  |TAMS 0x0000000087c00000| PB 0x0000000087c00000| Untracked |  0
|  91|0x0000000087d00000, 0x0000000087d00000, 0x0000000087e00000|  0%| F|  |TAMS 0x0000000087d00000| PB 0x0000000087d00000| Untracked |  0
|  92|0x0000000087e00000, 0x0000000087e00000, 0x0000000087f00000|  0%| F|  |TAMS 0x0000000087e00000| PB 0x0000000087e00000| Untracked |  0
|  93|0x0000000087f00000, 0x0000000087f00000, 0x0000000088000000|  0%| F|  |TAMS 0x0000000087f00000| PB 0x0000000087f00000| Untracked |  0
|  94|0x0000000088000000, 0x0000000088000000, 0x0000000088100000|  0%| F|  |TAMS 0x0000000088000000| PB 0x0000000088000000| Untracked |  0
|  95|0x0000000088100000, 0x0000000088100000, 0x0000000088200000|  0%| F|  |TAMS 0x0000000088100000| PB 0x0000000088100000| Untracked |  0
|  96|0x0000000088200000, 0x0000000088200000, 0x0000000088300000|  0%| F|  |TAMS 0x0000000088200000| PB 0x0000000088200000| Untracked |  0
|  97|0x0000000088300000, 0x0000000088300000, 0x0000000088400000|  0%| F|  |TAMS 0x0000000088300000| PB 0x0000000088300000| Untracked |  0
|  98|0x0000000088400000, 0x0000000088400000, 0x0000000088500000|  0%| F|  |TAMS 0x0000000088400000| PB 0x0000000088400000| Untracked |  0
|  99|0x0000000088500000, 0x0000000088500000, 0x0000000088600000|  0%| F|  |TAMS 0x0000000088500000| PB 0x0000000088500000| Untracked |  0
| 100|0x0000000088600000, 0x0000000088600000, 0x0000000088700000|  0%| F|  |TAMS 0x0000000088600000| PB 0x0000000088600000| Untracked |  0
| 101|0x0000000088700000, 0x0000000088700000, 0x0000000088800000|  0%| F|  |TAMS 0x0000000088700000| PB 0x0000000088700000| Untracked |  0
| 102|0x0000000088800000, 0x0000000088800000, 0x0000000088900000|  0%| F|  |TAMS 0x0000000088800000| PB 0x0000000088800000| Untracked |  0
| 103|0x0000000088900000, 0x0000000088900000, 0x0000000088a00000|  0%| F|  |TAMS 0x0000000088900000| PB 0x0000000088900000| Untracked |  0
| 104|0x0000000088a00000, 0x0000000088a00000, 0x0000000088b00000|  0%| F|  |TAMS 0x0000000088a00000| PB 0x0000000088a00000| Untracked |  0
| 105|0x0000000088b00000, 0x0000000088b00000, 0x0000000088c00000|  0%| F|  |TAMS 0x0000000088b00000| PB 0x0000000088b00000| Untracked |  0
| 106|0x0000000088c00000, 0x0000000088c00000, 0x0000000088d00000|  0%| F|  |TAMS 0x0000000088c00000| PB 0x0000000088c00000| Untracked |  0
| 107|0x0000000088d00000, 0x0000000088d00000, 0x0000000088e00000|  0%| F|  |TAMS 0x0000000088d00000| PB 0x0000000088d00000| Untracked |  0
| 108|0x0000000088e00000, 0x0000000088e00000, 0x0000000088f00000|  0%| F|  |TAMS 0x0000000088e00000| PB 0x0000000088e00000| Untracked |  0
| 109|0x0000000088f00000, 0x0000000088f00000, 0x0000000089000000|  0%| F|  |TAMS 0x0000000088f00000| PB 0x0000000088f00000| Untracked |  0
| 110|0x0000000089000000, 0x0000000089000000, 0x0000000089100000|  0%| F|  |TAMS 0x0000000089000000| PB 0x0000000089000000| Untracked |  0
| 111|0x0000000089100000, 0x0000000089100000, 0x0000000089200000|  0%| F|  |TAMS 0x0000000089100000| PB 0x0000000089100000| Untracked |  0
| 112|0x0000000089200000, 0x0000000089200000, 0x0000000089300000|  0%| F|  |TAMS 0x0000000089200000| PB 0x0000000089200000| Untracked |  0
| 113|0x0000000089300000, 0x0000000089300000, 0x0000000089400000|  0%| F|  |TAMS 0x0000000089300000| PB 0x0000000089300000| Untracked |  0
| 114|0x0000000089400000, 0x0000000089400000, 0x0000000089500000|  0%| F|  |TAMS 0x0000000089400000| PB 0x0000000089400000| Untracked |  0
| 115|0x0000000089500000, 0x0000000089500000, 0x0000000089600000|  0%| F|  |TAMS 0x0000000089500000| PB 0x0000000089500000| Untracked |  0
| 116|0x0000000089600000, 0x000000008967ae48, 0x0000000089700000| 48%| E|  |TAMS 0x0000000089600000| PB 0x0000000089600000| Complete |  0
| 117|0x0000000089700000, 0x0000000089800000, 0x0000000089800000|100%| E|CS|TAMS 0x0000000089700000| PB 0x0000000089700000| Complete |  0
| 118|0x0000000089800000, 0x0000000089900000, 0x0000000089900000|100%| E|CS|TAMS 0x0000000089800000| PB 0x0000000089800000| Complete |  0
| 119|0x0000000089900000, 0x0000000089a00000, 0x0000000089a00000|100%| E|CS|TAMS 0x0000000089900000| PB 0x0000000089900000| Complete |  0
| 120|0x0000000089a00000, 0x0000000089b00000, 0x0000000089b00000|100%| E|CS|TAMS 0x0000000089a00000| PB 0x0000000089a00000| Complete |  0
| 121|0x0000000089b00000, 0x0000000089c00000, 0x0000000089c00000|100%| E|CS|TAMS 0x0000000089b00000| PB 0x0000000089b00000| Complete |  0
| 122|0x0000000089c00000, 0x0000000089d00000, 0x0000000089d00000|100%| E|CS|TAMS 0x0000000089c00000| PB 0x0000000089c00000| Complete |  0
| 123|0x0000000089d00000, 0x0000000089e00000, 0x0000000089e00000|100%| E|CS|TAMS 0x0000000089d00000| PB 0x0000000089d00000| Complete |  0
| 124|0x0000000089e00000, 0x0000000089f00000, 0x0000000089f00000|100%| E|CS|TAMS 0x0000000089e00000| PB 0x0000000089e00000| Complete |  0
| 125|0x0000000089f00000, 0x000000008a000000, 0x000000008a000000|100%| E|CS|TAMS 0x0000000089f00000| PB 0x0000000089f00000| Complete |  0

Card table byte_map: [0x0000027cf4230000,0x0000027cf4620000] _byte_map_base: 0x0000027cf3e1f000

Marking Bits: (CMBitMap*) 0x0000027ceb81ccf0
 Bits: [0x0000027cf4620000, 0x0000027cf6598000)

Polling page: 0x0000027ceaf90000

Metaspace:

Usage:
  Non-class:      6.91 MB used.
      Class:   1015.80 KB used.
       Both:      7.91 MB used.

Virtual space:
  Non-class space:       64.00 MB reserved,       7.00 MB ( 11%) committed,  1 nodes.
      Class space:        1.00 GB reserved,       1.06 MB ( <1%) committed,  1 nodes.
             Both:        1.06 GB reserved,       8.06 MB ( <1%) committed. 

Chunk freelists:
   Non-Class:  9.00 MB
       Class:  14.75 MB
        Both:  23.75 MB

MaxMetaspaceSize: unlimited
CompressedClassSpaceSize: 1.00 GB
Initial GC threshold: 21.00 MB
Current GC threshold: 21.00 MB
CDS: on
 - commit_granule_bytes: 65536.
 - commit_granule_words: 8192.
 - virtual_space_node_default_size: 8388608.
 - enlarge_chunks_in_place: 1.
 - use_allocation_guard: 0.


Internal statistics:

num_allocs_failed_limit: 0.
num_arena_births: 118.
num_arena_deaths: 0.
num_vsnodes_births: 2.
num_vsnodes_deaths: 0.
num_space_committed: 129.
num_space_uncommitted: 0.
num_chunks_returned_to_freelist: 0.
num_chunks_taken_from_freelist: 164.
num_chunk_merges: 0.
num_chunk_splits: 99.
num_chunks_enlarged: 46.
num_inconsistent_stats: 0.

CodeHeap 'non-profiled nmethods': size=120000Kb used=256Kb max_used=256Kb free=119743Kb
 bounds [0x0000027c87ad0000, 0x0000027c87d40000, 0x0000027c8f000000]
CodeHeap 'profiled nmethods': size=120000Kb used=1441Kb max_used=1441Kb free=118558Kb
 bounds [0x0000027c80000000, 0x0000027c80270000, 0x0000027c87530000]
CodeHeap 'non-nmethods': size=5760Kb used=1509Kb max_used=1523Kb free=4250Kb
 bounds [0x0000027c87530000, 0x0000027c877a0000, 0x0000027c87ad0000]
 total_blobs=1513 nmethods=929 adapters=489
 compilation: enabled
              stopped_count=0, restarted_count=0
 full_count=0

Compilation events (20 events):
Event: 0.433 Thread 0x0000027cf8fe35f0 nmethod 809 0x0000027c87b0bb10 code [0x0000027c87b0bca0, 0x0000027c87b0bd78]
Event: 0.436 Thread 0x0000027cf9007080  823       3       java.util.concurrent.ConcurrentHashMap$Traverser::advance (188 bytes)
Event: 0.437 Thread 0x0000027cf9007080 nmethod 823 0x0000027c80137490 code [0x0000027c801376c0, 0x0000027c801381a0]
Event: 0.440 Thread 0x0000027cf9007080  824       3       java.nio.Buffer::nextGetIndex (30 bytes)
Event: 0.440 Thread 0x0000027cf9007080 nmethod 824 0x0000027c80138410 code [0x0000027c801385c0, 0x0000027c80138790]
Event: 0.440 Thread 0x0000027cf9007080  825   !   3       jdk.internal.misc.ScopedMemoryAccess::getShortUnaligned (18 bytes)
Event: 0.441 Thread 0x0000027cf9007080 nmethod 825 0x0000027c80138890 code [0x0000027c80138a80, 0x0000027c80138f38]
Event: 0.441 Thread 0x0000027cf9007080  826       3       java.util.concurrent.ConcurrentHashMap$BaseIterator::hasNext (13 bytes)
Event: 0.441 Thread 0x0000027cf9007080 nmethod 826 0x0000027c80139190 code [0x0000027c80139320, 0x0000027c80139480]
Event: 0.443 Thread 0x0000027cf9007080  827   !   3       jdk.internal.misc.ScopedMemoryAccess::getCharUnaligned (18 bytes)
Event: 0.443 Thread 0x0000027cf9007080 nmethod 827 0x0000027c80139510 code [0x0000027c80139700, 0x0000027c80139b88]
Event: 0.443 Thread 0x0000027cf9007080  829       3       jdk.internal.misc.Unsafe::getCharUnaligned (12 bytes)
Event: 0.443 Thread 0x0000027cf9007080 nmethod 829 0x0000027c80139e10 code [0x0000027c80139fc0, 0x0000027c8013a1f8]
Event: 0.443 Thread 0x0000027cf9007080  834       3       java.nio.ByteBufferAsCharBufferB::get (30 bytes)
Event: 0.444 Thread 0x0000027cf9007080 nmethod 834 0x0000027c8013a310 code [0x0000027c8013a560, 0x0000027c8013adf0]
Event: 0.444 Thread 0x0000027cf9007080  828   !   3       jdk.internal.misc.ScopedMemoryAccess::getCharUnalignedInternal (36 bytes)
Event: 0.444 Thread 0x0000027cf9007080 nmethod 828 0x0000027c8013b210 code [0x0000027c8013b3e0, 0x0000027c8013b6e0]
Event: 0.444 Thread 0x0000027cf9007080  830       3       jdk.internal.misc.Unsafe::getCharUnaligned (34 bytes)
Event: 0.444 Thread 0x0000027cf9007080 nmethod 830 0x0000027c8013b890 code [0x0000027c8013ba60, 0x0000027c8013be08]
Event: 0.444 Thread 0x0000027cf9007080  832       3       jdk.internal.misc.Unsafe::convEndian (16 bytes)

GC Heap History (0 events):
No events

Dll operation events (10 events):
Event: 0.009 Loaded shared library C:\Program Files\Java\jdk-22\bin\java.dll
Event: 0.037 Loaded shared library C:\Program Files\Java\jdk-22\bin\jsvml.dll
Event: 0.065 Loaded shared library C:\Program Files\Java\jdk-22\bin\net.dll
Event: 0.067 Loaded shared library C:\Program Files\Java\jdk-22\bin\nio.dll
Event: 0.088 Loaded shared library C:\Program Files\Java\jdk-22\bin\zip.dll
Event: 0.105 Loaded shared library C:\Program Files\Java\jdk-22\bin\jimage.dll
Event: 0.117 Loaded shared library C:\Program Files\Java\jdk-22\bin\awt.dll
Event: 0.286 Loaded shared library C:\Program Files\Java\jdk-22\bin\verify.dll
Event: 0.400 Loaded shared library C:\Program Files\Java\jdk-22\bin\freetype.dll
Event: 0.402 Loaded shared library C:\Program Files\Java\jdk-22\bin\fontmanager.dll

Deoptimization events (8 events):
Event: 0.211 Thread 0x0000027ceb7c9370 Uncommon trap: trap_request=0xffffff45 fr.pc=0x0000027c87ae0a0c relative=0x0000000000000a4c
Event: 0.211 Thread 0x0000027ceb7c9370 Uncommon trap: reason=unstable_if action=reinterpret pc=0x0000027c87ae0a0c method=java.util.HashMap.putVal(ILjava/lang/Object;Ljava/lang/Object;ZZ)Ljava/lang/Object; @ 236 c2
Event: 0.211 Thread 0x0000027ceb7c9370 DEOPT PACKING pc=0x0000027c87ae0a0c sp=0x000000f2665fdbd0
Event: 0.211 Thread 0x0000027ceb7c9370 DEOPT UNPACKING pc=0x0000027c875846a2 sp=0x000000f2665fdb88 mode 2
Event: 0.383 Thread 0x0000027ceb7c9370 Uncommon trap: trap_request=0xffffff45 fr.pc=0x0000027c87b09414 relative=0x0000000000000594
Event: 0.383 Thread 0x0000027ceb7c9370 Uncommon trap: reason=unstable_if action=reinterpret pc=0x0000027c87b09414 method=java.util.regex.Pattern$BmpCharPropertyGreedy.match(Ljava/util/regex/Matcher;ILjava/lang/CharSequence;)Z @ 12 c2
Event: 0.383 Thread 0x0000027ceb7c9370 DEOPT PACKING pc=0x0000027c87b09414 sp=0x000000f2665fdda0
Event: 0.383 Thread 0x0000027ceb7c9370 DEOPT UNPACKING pc=0x0000027c875846a2 sp=0x000000f2665fdcd8 mode 2

Classes loaded (20 events):
Event: 0.440 Loading class sun/nio/cs/UTF_16$Decoder
Event: 0.440 Loading class sun/nio/cs/UnicodeDecoder
Event: 0.440 Loading class sun/nio/cs/UnicodeDecoder done
Event: 0.440 Loading class sun/nio/cs/UTF_16$Decoder done
Event: 0.440 Loading class sun/font/FileFontStrike
Event: 0.441 Loading class sun/font/FileFontStrike done
Event: 0.441 Loading class sun/font/FontScaler
Event: 0.441 Loading class sun/font/FontScaler done
Event: 0.441 Loading class sun/font/FreetypeFontScaler
Event: 0.441 Loading class sun/font/FreetypeFontScaler done
Event: 0.442 Loading class sun/font/TrueTypeGlyphMapper
Event: 0.442 Loading class sun/font/TrueTypeGlyphMapper done
Event: 0.442 Loading class sun/font/CMap
Event: 0.442 Loading class sun/font/CMap done
Event: 0.442 Loading class sun/font/CMap$NullCMapClass
Event: 0.442 Loading class sun/font/CMap$NullCMapClass done
Event: 0.442 Loading class sun/font/CMap$CMapFormat4
Event: 0.442 Loading class sun/font/CMap$CMapFormat4 done
Event: 0.442 Loading class java/nio/ByteBufferAsCharBufferB
Event: 0.442 Loading class java/nio/ByteBufferAsCharBufferB done

Classes unloaded (0 events):
No events

Classes redefined (0 events):
No events

Internal exceptions (11 events):
Event: 0.068 Thread 0x0000027ceb7c9370 Exception <a 'sun/nio/fs/WindowsException'{0x0000000089ebc948}> (0x0000000089ebc948) 
thrown [s\open\src\hotspot\share\prims\jni.cpp, line 520]
Event: 0.070 Thread 0x0000027ceb7c9370 Exception <a 'sun/nio/fs/WindowsException'{0x0000000089ebf0b0}> (0x0000000089ebf0b0) 
thrown [s\open\src\hotspot\share\prims\jni.cpp, line 520]
Event: 0.109 Thread 0x0000027ceb7c9370 Exception <a 'java/lang/ClassNotFoundException'{0x0000000089da32e8}: sun/awt/resources/spi/awtProvider> (0x0000000089da32e8) 
thrown [s\open\src\hotspot\share\classfile\systemDictionary.cpp, line 313]
Event: 0.126 Thread 0x0000027ceb7c9370 Exception <a 'java/io/FileNotFoundException'{0x0000000089df6f50}> (0x0000000089df6f50) 
thrown [s\open\src\hotspot\share\prims\jni.cpp, line 520]
Event: 0.132 Thread 0x0000027ceb7c9370 Exception <a 'java/io/FileNotFoundException'{0x0000000089c255d0}> (0x0000000089c255d0) 
thrown [s\open\src\hotspot\share\prims\jni.cpp, line 520]
Event: 0.214 Thread 0x0000027ceb7c9370 Exception <a 'java/lang/NoSuchMethodError'{0x0000000089cbda70}: 'void java.lang.invoke.DirectMethodHandle$Holder.invokeSpecial(java.lang.Object, java.lang.Object, java.lang.Object)'> (0x0000000089cbda70) 
thrown [s\open\src\hotspot\share\interpreter\linkResolver.cpp, line 774]
Event: 0.221 Thread 0x0000027ceb7c9370 Exception <a 'java/lang/NoSuchMethodError'{0x0000000089ce3db8}: 'java.lang.Object java.lang.invoke.DirectMethodHandle$Holder.newInvokeSpecial(java.lang.Object, java.lang.Object, java.lang.Object, java.lang.Object, java.lang.Object)'> (0x0000000089ce3db8) 
thrown [s\open\src\hotspot\share\interpreter\linkResolver.cpp, line 774]
Event: 0.226 Thread 0x0000027ceb7c9370 Exception <a 'java/lang/NoSuchMethodError'{0x0000000089b95720}: 'java.lang.Object java.lang.invoke.DirectMethodHandle$Holder.invokeStatic(java.lang.Object, int, java.lang.Object)'> (0x0000000089b95720) 
thrown [s\open\src\hotspot\share\interpreter\linkResolver.cpp, line 774]
Event: 0.248 Thread 0x0000027ceb7c9370 Exception <a 'java/lang/ClassNotFoundException'{0x0000000089a379b8}: com/sun/swing/internal/plaf/metal/resources/spi/metalProvider> (0x0000000089a379b8) 
thrown [s\open\src\hotspot\share\classfile\systemDictionary.cpp, line 313]
Event: 0.249 Thread 0x0000027ceb7c9370 Exception <a 'java/lang/ClassNotFoundException'{0x0000000089a3b968}: com/sun/swing/internal/plaf/basic/resources/spi/basicProvider> (0x0000000089a3b968) 
thrown [s\open\src\hotspot\share\classfile\systemDictionary.cpp, line 313]
Event: 0.259 Thread 0x0000027ceb7c9370 Exception <a 'java/lang/NoSuchMethodError'{0x0000000089a5b058}: 'int java.lang.invoke.Invokers$Holder.invokeExact_MT(java.lang.Object, java.lang.Object)'> (0x0000000089a5b058) 
thrown [s\open\src\hotspot\share\interpreter\linkResolver.cpp, line 774]

ZGC Phase Switch (0 events):
No events

VM Operations (6 events):
Event: 0.071 Executing VM operation: HandshakeAllThreads (Deoptimize)
Event: 0.071 Executing VM operation: HandshakeAllThreads (Deoptimize) done
Event: 0.278 Executing VM operation: HandshakeAllThreads (Deoptimize)
Event: 0.278 Executing VM operation: HandshakeAllThreads (Deoptimize) done
Event: 0.339 Executing VM operation: HandshakeAllThreads (Deoptimize)
Event: 0.339 Executing VM operation: HandshakeAllThreads (Deoptimize) done

Events (15 events):
Event: 0.023 Thread 0x0000027ceb7c9370 Thread added: 0x0000027ceb7c9370
Event: 0.035 Thread 0x0000027cf8fc3260 Thread added: 0x0000027cf8fc3260
Event: 0.035 Thread 0x0000027cf8fc5430 Thread added: 0x0000027cf8fc5430
Event: 0.035 Thread 0x0000027cf8fc7a10 Thread added: 0x0000027cf8fc7a10
Event: 0.035 Thread 0x0000027cf8fcdce0 Thread added: 0x0000027cf8fcdce0
Event: 0.035 Thread 0x0000027cf8fd7b10 Thread added: 0x0000027cf8fd7b10
Event: 0.035 Thread 0x0000027cf8fd8650 Thread added: 0x0000027cf8fd8650
Event: 0.035 Thread 0x0000027cf8fe35f0 Thread added: 0x0000027cf8fe35f0
Event: 0.035 Thread 0x0000027cf9007080 Thread added: 0x0000027cf9007080
Event: 0.055 Thread 0x0000027cf8f8e640 Thread added: 0x0000027cf8f8e640
Event: 0.081 Thread 0x0000027cd42ec0f0 Thread added: 0x0000027cd42ec0f0
Event: 0.083 Thread 0x0000027cd431a060 Thread added: 0x0000027cd431a060
Event: 0.182 Thread 0x0000027cd4452070 Thread added: 0x0000027cd4452070
Event: 0.183 Thread 0x0000027cd445c1e0 Thread added: 0x0000027cd445c1e0
Event: 0.185 Thread 0x0000027cd445f530 Thread added: 0x0000027cd445f530


Dynamic libraries:
0x00007ff654ca0000 - 0x00007ff654cb0000 	C:\Program Files\Java\jdk-22\bin\java.exe
0x00007ff898270000 - 0x00007ff898487000 	C:\WINDOWS\SYSTEM32\ntdll.dll
0x00007ff8980e0000 - 0x00007ff8981a4000 	C:\WINDOWS\System32\KERNEL32.DLL
0x00007ff895b70000 - 0x00007ff895f17000 	C:\WINDOWS\System32\KERNELBASE.dll
0x00007ff895a50000 - 0x00007ff895b61000 	C:\WINDOWS\System32\ucrtbase.dll
0x00007ff882f30000 - 0x00007ff882f4b000 	C:\Program Files\Java\jdk-22\bin\VCRUNTIME140.dll
0x00007ff86c3d0000 - 0x00007ff86c3e7000 	C:\Program Files\Java\jdk-22\bin\jli.dll
0x00007ff895fa0000 - 0x00007ff896052000 	C:\WINDOWS\System32\ADVAPI32.dll
0x00007ff896d20000 - 0x00007ff896dc7000 	C:\WINDOWS\System32\msvcrt.dll
0x00007ff897290000 - 0x00007ff897338000 	C:\WINDOWS\System32\sechost.dll
0x00007ff895590000 - 0x00007ff8955b8000 	C:\WINDOWS\System32\bcrypt.dll
0x00007ff897500000 - 0x00007ff897615000 	C:\WINDOWS\System32\RPCRT4.dll
0x00007ff897a00000 - 0x00007ff897bae000 	C:\WINDOWS\System32\USER32.dll
0x00007ff8958c0000 - 0x00007ff8958e6000 	C:\WINDOWS\System32\win32u.dll
0x00007ff896ef0000 - 0x00007ff896f19000 	C:\WINDOWS\System32\GDI32.dll
0x00007ff87c520000 - 0x00007ff87c7b3000 	C:\WINDOWS\WinSxS\amd64_microsoft.windows.common-controls_6595b64144ccf1df_6.0.22621.3527_none_270e469b73872a76\COMCTL32.dll
0x00007ff895730000 - 0x00007ff895849000 	C:\WINDOWS\System32\gdi32full.dll
0x00007ff8959b0000 - 0x00007ff895a4a000 	C:\WINDOWS\System32\msvcp_win.dll
0x00007ff88bc00000 - 0x00007ff88bc0a000 	C:\WINDOWS\SYSTEM32\VERSION.dll
0x00007ff897340000 - 0x00007ff897371000 	C:\WINDOWS\System32\IMM32.DLL
0x00007ff883160000 - 0x00007ff88316c000 	C:\Program Files\Java\jdk-22\bin\vcruntime140_1.dll
0x00007ff864930000 - 0x00007ff8649be000 	C:\Program Files\Java\jdk-22\bin\msvcp140.dll
0x00007ff827b30000 - 0x00007ff828878000 	C:\Program Files\Java\jdk-22\bin\server\jvm.dll
0x00007ff896060000 - 0x00007ff8960d1000 	C:\WINDOWS\System32\WS2_32.dll
0x00007ff894410000 - 0x00007ff89445d000 	C:\WINDOWS\SYSTEM32\POWRPROF.dll
0x00007ff88aee0000 - 0x00007ff88af14000 	C:\WINDOWS\SYSTEM32\WINMM.dll
0x00007ff8943f0000 - 0x00007ff894403000 	C:\WINDOWS\SYSTEM32\UMPDC.dll
0x00007ff8946a0000 - 0x00007ff8946b8000 	C:\WINDOWS\SYSTEM32\kernel.appcore.dll
0x00007ff882360000 - 0x00007ff88236a000 	C:\Program Files\Java\jdk-22\bin\jimage.dll
0x00007ff88fe90000 - 0x00007ff8900c2000 	C:\WINDOWS\SYSTEM32\DBGHELP.DLL
0x00007ff897670000 - 0x00007ff8979f8000 	C:\WINDOWS\System32\combase.dll
0x00007ff896ad0000 - 0x00007ff896ba7000 	C:\WINDOWS\System32\OLEAUT32.dll
0x00007ff87a0d0000 - 0x00007ff87a102000 	C:\WINDOWS\SYSTEM32\dbgcore.DLL
0x00007ff895f20000 - 0x00007ff895f99000 	C:\WINDOWS\System32\bcryptPrimitives.dll
0x00007ff875c40000 - 0x00007ff875c5e000 	C:\Program Files\Java\jdk-22\bin\java.dll
0x00007ff896270000 - 0x00007ff896acc000 	C:\WINDOWS\System32\SHELL32.dll
0x00007ff8970e0000 - 0x00007ff897285000 	C:\WINDOWS\System32\ole32.dll
0x00007ff8934e0000 - 0x00007ff893dd6000 	C:\WINDOWS\SYSTEM32\windows.storage.dll
0x00007ff8933a0000 - 0x00007ff8934de000 	C:\WINDOWS\SYSTEM32\wintypes.dll
0x00007ff8960e0000 - 0x00007ff8961d5000 	C:\WINDOWS\System32\SHCORE.dll
0x00007ff896de0000 - 0x00007ff896e3e000 	C:\WINDOWS\System32\shlwapi.dll
0x00007ff8954c0000 - 0x00007ff8954e1000 	C:\WINDOWS\SYSTEM32\profapi.dll
0x00007ff8582b0000 - 0x00007ff858387000 	C:\Program Files\Java\jdk-22\bin\jsvml.dll
0x00007ff8819a0000 - 0x00007ff8819b0000 	C:\Program Files\Java\jdk-22\bin\net.dll
0x00007ff894b10000 - 0x00007ff894b79000 	C:\WINDOWS\system32\mswsock.dll
0x00007ff870050000 - 0x00007ff870066000 	C:\Program Files\Java\jdk-22\bin\nio.dll
0x00007ff86c7d0000 - 0x00007ff86c7e7000 	C:\Program Files\Java\jdk-22\bin\zip.dll
0x00007ff83d910000 - 0x00007ff83da9e000 	C:\Program Files\Java\jdk-22\bin\awt.dll
0x00007ff88f250000 - 0x00007ff88f2e7000 	C:\WINDOWS\SYSTEM32\apphelp.dll
0x00007ff88f5d0000 - 0x00007ff88f5fb000 	C:\WINDOWS\system32\DWMAPI.DLL
0x00007ff88f350000 - 0x00007ff88f3fb000 	C:\WINDOWS\system32\uxtheme.dll
0x00007ff879fd0000 - 0x00007ff87a0d0000 	C:\WINDOWS\system32\opengl32.dll
0x00007ff879c00000 - 0x00007ff879c2d000 	C:\WINDOWS\SYSTEM32\GLU32.dll
0x00007ff88f800000 - 0x00007ff88f839000 	C:\WINDOWS\SYSTEM32\dxcore.dll
0x00007ff897380000 - 0x00007ff8974d3000 	C:\WINDOWS\System32\MSCTF.dll
0x00007ff880980000 - 0x00007ff880990000 	C:\Program Files\Java\jdk-22\bin\verify.dll
0x00007ff858220000 - 0x00007ff8582a7000 	C:\Program Files\Java\jdk-22\bin\freetype.dll
0x00007ff853370000 - 0x00007ff853447000 	C:\Program Files\Java\jdk-22\bin\fontmanager.dll

dbghelp: loaded successfully - version: 4.0.5 - missing functions: none
symbol engine: initialized successfully - sym options: 0x614 - pdb path: .;C:\Program Files\Java\jdk-22\bin;C:\WINDOWS\SYSTEM32;C:\WINDOWS\WinSxS\amd64_microsoft.windows.common-controls_6595b64144ccf1df_6.0.22621.3527_none_270e469b73872a76;C:\Program Files\Java\jdk-22\bin\server

VM Arguments:
jvm_args: -Dfile.encoding=UTF-8 --module-path=C:\Users\kchau\OneDrive\Documents\NetBeansProjects\AIrlineManagementSystem\build\classes 
java_command: airlinemanagementsystem.BookFlight
java_class_path (initial): C:\Users\kchau\Downloads\mysql-connector-java-8.0.28.jar;C:\Users\kchau\Downloads\rs2xml.jar;C:\Users\kchau\Downloads\jcalendar-tz-1.3.3-4.jar;C:\Users\kchau\OneDrive\Documents\NetBeansProjects\AIrlineManagementSystem\build\classes
Launcher Type: SUN_STANDARD

[Global flags]
     intx CICompilerCount                          = 4                                         {product} {ergonomic}
     uint ConcGCThreads                            = 2                                         {product} {ergonomic}
     uint G1ConcRefinementThreads                  = 8                                         {product} {ergonomic}
   size_t G1HeapRegionSize                         = 1048576                                   {product} {ergonomic}
   size_t InitialHeapSize                          = 132120576                                 {product} {ergonomic}
   size_t MarkStackSize                            = 4194304                                   {product} {ergonomic}
   size_t MaxHeapSize                              = 2111832064                                {product} {ergonomic}
   size_t MaxNewSize                               = 1266679808                                {product} {ergonomic}
   size_t MinHeapDeltaBytes                        = 1048576                                   {product} {ergonomic}
   size_t MinHeapSize                              = 8388608                                   {product} {ergonomic}
    uintx NonNMethodCodeHeapSize                   = 5839372                                {pd product} {ergonomic}
    uintx NonProfiledCodeHeapSize                  = 122909434                              {pd product} {ergonomic}
    uintx ProfiledCodeHeapSize                     = 122909434                              {pd product} {ergonomic}
    uintx ReservedCodeCacheSize                    = 251658240                              {pd product} {ergonomic}
     bool SegmentedCodeCache                       = true                                      {product} {ergonomic}
   size_t SoftMaxHeapSize                          = 2111832064                             {manageable} {ergonomic}
     bool UseCompressedOops                        = true                           {product lp64_product} {ergonomic}
     bool UseG1GC                                  = true                                      {product} {ergonomic}
     bool UseLargePagesIndividualAllocation        = false                                  {pd product} {ergonomic}

Logging:
Log output configuration:
 #0: stdout all=warning uptime,level,tags foldmultilines=false
 #1: stderr all=off uptime,level,tags foldmultilines=false

Environment Variables:
JAVA_HOME=C:\Program Files\Java\jdk-22\bin
PATH=C:\WINDOWS\system32;C:\WINDOWS;C:\WINDOWS\System32\Wbem;C:\WINDOWS\System32\WindowsPowerShell\v1.0\;C:\WINDOWS\System32\OpenSSH\;C:\Program Files\Common Files\Oracle\Java\javapath;C:\Program Files\MySQL\MySQL Server 8.0\bin;C:\Program Files\Git\cmd;C:\Program Files\Java\jdk-22\bin;C:\Program Files\Java\jdk-22;C:\Program Files\MySQL\MySQL Shell 8.0\bin\;
USERNAME=kchau
OS=Windows_NT
PROCESSOR_IDENTIFIER=Intel64 Family 6 Model 142 Stepping 10, GenuineIntel
TMP=C:\Users\kchau\AppData\Local\Temp
TEMP=C:\Users\kchau\AppData\Local\Temp




Periodic native trim disabled

---------------  S Y S T E M  ---------------

OS:
 Windows 11 , 64 bit Build 22621 (10.0.22621.3527)
OS uptime: 14 days 5:31 hours

CPU: total 8 (initial active 8) (4 cores per cpu, 2 threads per core) family 6 model 142 stepping 10 microcode 0xf4, cx8, cmov, fxsr, ht, mmx, 3dnowpref, sse, sse2, sse3, ssse3, sse4.1, sse4.2, popcnt, lzcnt, tsc, tscinvbit, avx, avx2, aes, erms, clmul, bmi1, bmi2, rtm, adx, fma, vzeroupper, clflush, clflushopt, rdtscp, f16c
Processor Information for processor 0
  Max Mhz: 2112, Current Mhz: 1910, Mhz Limit: 1900
Processor Information for processor 1
  Max Mhz: 2112, Current Mhz: 1508, Mhz Limit: 1900
Processor Information for processor 2
  Max Mhz: 2112, Current Mhz: 1508, Mhz Limit: 1900
Processor Information for processor 3
  Max Mhz: 2112, Current Mhz: 1910, Mhz Limit: 1900
Processor Information for processor 4
  Max Mhz: 2112, Current Mhz: 1910, Mhz Limit: 1900
Processor Information for processor 5
  Max Mhz: 2112, Current Mhz: 1910, Mhz Limit: 1900
Processor Information for processor 6
  Max Mhz: 2112, Current Mhz: 1910, Mhz Limit: 1900
Processor Information for processor 7
  Max Mhz: 2112, Current Mhz: 1910, Mhz Limit: 1900

Memory: 4k page, system-wide physical 8050M (383M free)
TotalPageFile size 32626M (AvailPageFile size 0M)
current process WorkingSet (physical memory assigned to process): 65M, peak: 65M
current process commit charge ("private bytes"): 224M, peak: 224M

vm_info: Java HotSpot(TM) 64-Bit Server VM (22+36-2370) for windows-amd64 JRE (22+36-2370), built on 2024-02-15T22:15:19Z by "mach5one" with MS VC++ 17.6 (VS2022)

END.
