#
# There is insufficient memory for the Java Runtime Environment to continue.
# Native memory allocation (mmap) failed to map 132120576 bytes. Error detail: G1 virtual space
# Possible reasons:
#   The system is out of physical RAM or swap space
#   This process is running with CompressedOops enabled, and the Java Heap may be blocking the growth of the native heap
# Possible solutions:
#   Reduce memory load on the system
#   Increase physical memory or swap space
#   Check if swap backing store is full
#   Decrease Java heap size (-Xmx/-Xms)
#   Decrease number of Java threads
#   Decrease Java thread stack sizes (-Xss)
#   Set larger code cache with -XX:ReservedCodeCacheSize=
#   JVM is running with Unscaled Compressed Oops mode in which the Java heap is
#     placed in the first 4GB address space. The Java Heap base address is the
#     maximum limit for the native heap growth. Please use -XX:HeapBaseMinAddress
#     to set the Java Heap base and to place the Java Heap above 4GB virtual address.
# This output file may be truncated or incomplete.
#
#  Out of Memory Error (os_windows.cpp:3631), pid=5164, tid=21632
#
# JRE version:  (22.0+36) (build )
# Java VM: Java HotSpot(TM) 64-Bit Server VM (22+36-2370, mixed mode, sharing, tiered, compressed oops, compressed class ptrs, g1 gc, windows-amd64)
# No core dump will be written. Minidumps are not enabled by default on client versions of Windows
#

---------------  S U M M A R Y ------------

Command Line: -Dfile.encoding=UTF-8 --module-path=C:\Users\kchau\OneDrive\Documents\NetBeansProjects\AIrlineManagementSystem\build\classes airlinemanagementsystem.BookFlight

Host: Intel(R) Core(TM) i7-8650U CPU @ 1.90GHz, 8 cores, 7G,  Windows 11 , 64 bit Build 22621 (10.0.22621.3527)
Time: Wed Jul 17 18:09:28 2024 India Standard Time elapsed time: 0.015546 seconds (0d 0h 0m 0s)

---------------  T H R E A D  ---------------

Current thread (0x000002b562e7c600):  JavaThread "Unknown thread" [_thread_in_vm, id=21632, stack(0x000000bc30900000,0x000000bc30a00000) (1024K)]

Stack: [0x000000bc30900000,0x000000bc30a00000]
Native frames: (J=compiled Java code, j=interpreted, Vv=VM code, C=native code)
V  [jvm.dll+0x6e2349]  (no source info available)
V  [jvm.dll+0x874ed3]  (no source info available)
V  [jvm.dll+0x8772fe]  (no source info available)
V  [jvm.dll+0x8779d3]  (no source info available)
V  [jvm.dll+0x27fcb6]  (no source info available)
V  [jvm.dll+0x6de9e5]  (no source info available)
V  [jvm.dll+0x6d34ea]  (no source info available)
V  [jvm.dll+0x35892a]  (no source info available)
V  [jvm.dll+0x360e56]  (no source info available)
V  [jvm.dll+0x3b3d7e]  (no source info available)
V  [jvm.dll+0x3b4028]  (no source info available)
V  [jvm.dll+0x32c4ec]  (no source info available)
V  [jvm.dll+0x32d0a8]  (no source info available)
V  [jvm.dll+0x83cd9c]  (no source info available)
V  [jvm.dll+0x3c0cc1]  (no source info available)
V  [jvm.dll+0x825d8c]  (no source info available)
V  [jvm.dll+0x45b9ee]  (no source info available)
V  [jvm.dll+0x45d871]  (no source info available)
C  [jli.dll+0x52a3]  (no source info available)
C  [ucrtbase.dll+0x29333]  (no source info available)
C  [KERNEL32.DLL+0x1257d]  (no source info available)
C  [ntdll.dll+0x5aa48]  (no source info available)


---------------  P R O C E S S  ---------------

Threads class SMR info:
_java_thread_list=0x00007ff82871c1c8, length=0, elements={
}

Java Threads: ( => current thread )
Total: 0

Other Threads:
  0x000002b562ecae10 WorkerThread "GC Thread#0"                     [id=29464, stack(0x000000bc30a00000,0x000000bc30b00000) (1024K)]
  0x000002b562edbaf0 ConcurrentGCThread "G1 Main Marker"            [id=16964, stack(0x000000bc30b00000,0x000000bc30c00000) (1024K)]
  0x000002b562edcca0 WorkerThread "G1 Conc#0"                       [id=29460, stack(0x000000bc30c00000,0x000000bc30d00000) (1024K)]

[error occurred during error reporting (printing all threads), id 0xc0000005, EXCEPTION_ACCESS_VIOLATION (0xc0000005) at pc=0x00007ff827e6f2b7]
VM state: not at safepoint (not fully initialized)

VM Mutex/Monitor currently owned by a thread:  ([mutex/lock_event])
[0x00007ff82879ccc8] Heap_lock - owner thread: 0x000002b562e7c600

Heap address: 0x0000000082200000, size: 2014 MB, Compressed Oops mode: 32-bit

CDS archive(s) mapped at: [0x0000000000000000-0x0000000000000000-0x0000000000000000), size 0, SharedBaseAddress: 0x0000000800000000, ArchiveRelocationMode: 1.
Narrow klass base: 0x0000000000000000, Narrow klass shift: 0, Narrow klass range: 0x0

GC Precious Log:
 CardTable entry size: 512
 Card Set container configuration: InlinePtr #cards 5 size 8 Array Of Cards #cards 12 size 40 Howl #buckets 4 coarsen threshold 1843 Howl Bitmap #cards 512 size 80 coarsen threshold 460 Card regions per heap region 1 cards per card region 2048

Heap:
 garbage-first heap   total reserved 2062336K, committed 0K, used 0K [0x0000000082200000, 0x0000000100000000)
  region size 1024K, 0 young (0K), 0 survivors (0K)

[error occurred during error reporting (printing heap information), id 0xc0000005, EXCEPTION_ACCESS_VIOLATION (0xc0000005) at pc=0x00007ff82826e4e9]
GC Heap History (0 events):
No events

Dll operation events (1 events):
Event: 0.011 Loaded shared library C:\Program Files\Java\jdk-22\bin\java.dll

Deoptimization events (0 events):
No events

Classes loaded (0 events):
No events

Classes unloaded (0 events):
No events

Classes redefined (0 events):
No events

Internal exceptions (0 events):
No events

ZGC Phase Switch (0 events):
No events

VM Operations (0 events):
No events

Events (0 events):
No events


Dynamic libraries:
0x00007ff654ca0000 - 0x00007ff654cb0000 	C:\Program Files\Java\jdk-22\bin\java.exe
0x00007ff898270000 - 0x00007ff898487000 	C:\WINDOWS\SYSTEM32\ntdll.dll
0x00007ff8980e0000 - 0x00007ff8981a4000 	C:\WINDOWS\System32\KERNEL32.DLL
0x00007ff895b70000 - 0x00007ff895f17000 	C:\WINDOWS\System32\KERNELBASE.dll
0x00007ff895a50000 - 0x00007ff895b61000 	C:\WINDOWS\System32\ucrtbase.dll
0x00007ff882f30000 - 0x00007ff882f4b000 	C:\Program Files\Java\jdk-22\bin\VCRUNTIME140.dll
0x00007ff86c3d0000 - 0x00007ff86c3e7000 	C:\Program Files\Java\jdk-22\bin\jli.dll
0x00007ff895fa0000 - 0x00007ff896052000 	C:\WINDOWS\System32\ADVAPI32.dll
0x00007ff896d20000 - 0x00007ff896dc7000 	C:\WINDOWS\System32\msvcrt.dll
0x00007ff897290000 - 0x00007ff897338000 	C:\WINDOWS\System32\sechost.dll
0x00007ff895590000 - 0x00007ff8955b8000 	C:\WINDOWS\System32\bcrypt.dll
0x00007ff897500000 - 0x00007ff897615000 	C:\WINDOWS\System32\RPCRT4.dll
0x00007ff897a00000 - 0x00007ff897bae000 	C:\WINDOWS\System32\USER32.dll
0x00007ff8958c0000 - 0x00007ff8958e6000 	C:\WINDOWS\System32\win32u.dll
0x00007ff87c520000 - 0x00007ff87c7b3000 	C:\WINDOWS\WinSxS\amd64_microsoft.windows.common-controls_6595b64144ccf1df_6.0.22621.3527_none_270e469b73872a76\COMCTL32.dll
0x00007ff896ef0000 - 0x00007ff896f19000 	C:\WINDOWS\System32\GDI32.dll
0x00007ff895730000 - 0x00007ff895849000 	C:\WINDOWS\System32\gdi32full.dll
0x00007ff8959b0000 - 0x00007ff895a4a000 	C:\WINDOWS\System32\msvcp_win.dll
0x00007ff88bc00000 - 0x00007ff88bc0a000 	C:\WINDOWS\SYSTEM32\VERSION.dll
0x00007ff897340000 - 0x00007ff897371000 	C:\WINDOWS\System32\IMM32.DLL
0x00007ff883160000 - 0x00007ff88316c000 	C:\Program Files\Java\jdk-22\bin\vcruntime140_1.dll
0x00007ff864930000 - 0x00007ff8649be000 	C:\Program Files\Java\jdk-22\bin\msvcp140.dll
0x00007ff827b30000 - 0x00007ff828878000 	C:\Program Files\Java\jdk-22\bin\server\jvm.dll
0x00007ff896060000 - 0x00007ff8960d1000 	C:\WINDOWS\System32\WS2_32.dll
0x00007ff894410000 - 0x00007ff89445d000 	C:\WINDOWS\SYSTEM32\POWRPROF.dll
0x00007ff88aee0000 - 0x00007ff88af14000 	C:\WINDOWS\SYSTEM32\WINMM.dll
0x00007ff8943f0000 - 0x00007ff894403000 	C:\WINDOWS\SYSTEM32\UMPDC.dll
0x00007ff8946a0000 - 0x00007ff8946b8000 	C:\WINDOWS\SYSTEM32\kernel.appcore.dll
0x00007ff882360000 - 0x00007ff88236a000 	C:\Program Files\Java\jdk-22\bin\jimage.dll
0x00007ff88fe90000 - 0x00007ff8900c2000 	C:\WINDOWS\SYSTEM32\DBGHELP.DLL
0x00007ff897670000 - 0x00007ff8979f8000 	C:\WINDOWS\System32\combase.dll
0x00007ff896ad0000 - 0x00007ff896ba7000 	C:\WINDOWS\System32\OLEAUT32.dll
0x00007ff87a0d0000 - 0x00007ff87a102000 	C:\WINDOWS\SYSTEM32\dbgcore.DLL
0x00007ff895f20000 - 0x00007ff895f99000 	C:\WINDOWS\System32\bcryptPrimitives.dll
0x00007ff875c40000 - 0x00007ff875c5e000 	C:\Program Files\Java\jdk-22\bin\java.dll
0x00007ff896270000 - 0x00007ff896acc000 	C:\WINDOWS\System32\SHELL32.dll
0x00007ff8970e0000 - 0x00007ff897285000 	C:\WINDOWS\System32\ole32.dll

dbghelp: loaded successfully - version: 4.0.5 - missing functions: none
symbol engine: initialized successfully - sym options: 0x614 - pdb path: .;C:\Program Files\Java\jdk-22\bin;C:\WINDOWS\SYSTEM32;C:\WINDOWS\WinSxS\amd64_microsoft.windows.common-controls_6595b64144ccf1df_6.0.22621.3527_none_270e469b73872a76;C:\Program Files\Java\jdk-22\bin\server

VM Arguments:
jvm_args: -Dfile.encoding=UTF-8 --module-path=C:\Users\kchau\OneDrive\Documents\NetBeansProjects\AIrlineManagementSystem\build\classes 
java_command: airlinemanagementsystem.BookFlight
java_class_path (initial): C:\Users\kchau\Downloads\mysql-connector-java-8.0.28.jar;C:\Users\kchau\Downloads\rs2xml.jar;C:\Users\kchau\Downloads\jcalendar-tz-1.3.3-4.jar;C:\Users\kchau\OneDrive\Documents\NetBeansProjects\AIrlineManagementSystem\build\classes
Launcher Type: SUN_STANDARD

[Global flags]
     intx CICompilerCount                          = 4                                         {product} {ergonomic}
     uint ConcGCThreads                            = 2                                         {product} {ergonomic}
     uint G1ConcRefinementThreads                  = 8                                         {product} {ergonomic}
   size_t G1HeapRegionSize                         = 1048576                                   {product} {ergonomic}
   size_t InitialHeapSize                          = 132120576                                 {product} {ergonomic}
   size_t MarkStackSize                            = 4194304                                   {product} {ergonomic}
   size_t MaxHeapSize                              = 2111832064                                {product} {ergonomic}
   size_t MinHeapDeltaBytes                        = 1048576                                   {product} {ergonomic}
   size_t MinHeapSize                              = 8388608                                   {product} {ergonomic}
    uintx NonNMethodCodeHeapSize                   = 5839372                                {pd product} {ergonomic}
    uintx NonProfiledCodeHeapSize                  = 122909434                              {pd product} {ergonomic}
    uintx ProfiledCodeHeapSize                     = 122909434                              {pd product} {ergonomic}
    uintx ReservedCodeCacheSize                    = 251658240                              {pd product} {ergonomic}
     bool SegmentedCodeCache                       = true                                      {product} {ergonomic}
   size_t SoftMaxHeapSize                          = 2111832064                             {manageable} {ergonomic}
     bool UseCompressedOops                        = true                           {product lp64_product} {ergonomic}
     bool UseG1GC                                  = true                                      {product} {ergonomic}
     bool UseLargePagesIndividualAllocation        = false                                  {pd product} {ergonomic}

Logging:
Log output configuration:
 #0: stdout all=warning uptime,level,tags foldmultilines=false
 #1: stderr all=off uptime,level,tags foldmultilines=false

Environment Variables:
JAVA_HOME=C:\Program Files\Java\jdk-22\bin
PATH=C:\WINDOWS\system32;C:\WINDOWS;C:\WINDOWS\System32\Wbem;C:\WINDOWS\System32\WindowsPowerShell\v1.0\;C:\WINDOWS\System32\OpenSSH\;C:\Program Files\Common Files\Oracle\Java\javapath;C:\Program Files\MySQL\MySQL Server 8.0\bin;C:\Program Files\Git\cmd;C:\Program Files\Java\jdk-22\bin;C:\Program Files\Java\jdk-22;C:\Program Files\MySQL\MySQL Shell 8.0\bin\;
USERNAME=kchau
OS=Windows_NT
PROCESSOR_IDENTIFIER=Intel64 Family 6 Model 142 Stepping 10, GenuineIntel
TMP=C:\Users\kchau\AppData\Local\Temp
TEMP=C:\Users\kchau\AppData\Local\Temp




Periodic native trim disabled

---------------  S Y S T E M  ---------------

OS:
 Windows 11 , 64 bit Build 22621 (10.0.22621.3527)
OS uptime: 14 days 5:41 hours

CPU: total 8 (initial active 8) (4 cores per cpu, 2 threads per core) family 6 model 142 stepping 10 microcode 0xf4, cx8, cmov, fxsr, ht, mmx, 3dnowpref, sse, sse2, sse3, ssse3, sse4.1, sse4.2, popcnt, lzcnt, tsc, tscinvbit, avx, avx2, aes, erms, clmul, bmi1, bmi2, rtm, adx, fma, vzeroupper, clflush, clflushopt, rdtscp, f16c
Processor Information for processor 0
  Max Mhz: 2112, Current Mhz: 1508, Mhz Limit: 1900
Processor Information for processor 1
  Max Mhz: 2112, Current Mhz: 1508, Mhz Limit: 1900
Processor Information for processor 2
  Max Mhz: 2112, Current Mhz: 1508, Mhz Limit: 1900
Processor Information for processor 3
  Max Mhz: 2112, Current Mhz: 1910, Mhz Limit: 1900
Processor Information for processor 4
  Max Mhz: 2112, Current Mhz: 1508, Mhz Limit: 1900
Processor Information for processor 5
  Max Mhz: 2112, Current Mhz: 1508, Mhz Limit: 1900
Processor Information for processor 6
  Max Mhz: 2112, Current Mhz: 1508, Mhz Limit: 1900
Processor Information for processor 7
  Max Mhz: 2112, Current Mhz: 1508, Mhz Limit: 1900

Memory: 4k page, system-wide physical 8050M (720M free)
TotalPageFile size 32626M (AvailPageFile size 35M)
current process WorkingSet (physical memory assigned to process): 12M, peak: 12M
current process commit charge ("private bytes"): 60M, peak: 186M

vm_info: Java HotSpot(TM) 64-Bit Server VM (22+36-2370) for windows-amd64 JRE (22+36-2370), built on 2024-02-15T22:15:19Z by "mach5one" with MS VC++ 17.6 (VS2022)

END.
